<?xml version="1.0" encoding="utf-8"?><testsuites name="pytest tests"><testsuite name="pytest" errors="11" failures="0" skipped="0" tests="14" time="3.024" timestamp="2026-03-01T02:41:37.141127+00:00" hostname="agent-env-a5a4fdd7-a82c-4f32-9136-87e875a4f972"><testcase classname="backend.tests.test_double_connection_guard.TestHealthCheck" name="test_root_returns_200" time="0.209" /><testcase classname="backend.tests.test_double_connection_guard.TestManuscriptSetup" name="test_manuscript_has_multiple_sections" time="2.580"><error message="failed on setup with &quot;AssertionError: Expected at least 2 sections, got 1&#10;assert 1 &gt;= 2&#10; +  where 1 = &lt;built-in method get of dict object at 0xf97b10042900&gt;('total_sections', 0)&#10; +    where &lt;built-in method get of dict object at 0xf97b10042900&gt; = {'age_range': 'Adult', 'comparable_books': ['The Girl on the Train by Paula Hawkins', 'Big Little Lies by Liane Moriarty', 'The Cabin at the End of the World by Paul Tremblay'], 'created_at': '2026-03-01T02:41:39.991831+00:00', 'genre': 'psychological thriller', ...}.get&quot;">backend/tests/test_double_connection_guard.py:59: in fresh_manuscript
    assert data.get("total_sections", 0) &gt;= 2, \
E   AssertionError: Expected at least 2 sections, got 1
E   assert 1 &gt;= 2
E    +  where 1 = &lt;built-in method get of dict object at 0xf97b10042900&gt;('total_sections', 0)
E    +    where &lt;built-in method get of dict object at 0xf97b10042900&gt; = {'age_range': 'Adult', 'comparable_books': ['The Girl on the Train by Paula Hawkins', 'Big Little Lies by Liane Moriarty', 'The Cabin at the End of the World by Paul Tremblay'], 'created_at': '2026-03-01T02:41:39.991831+00:00', 'genre': 'psychological thriller', ...}.get</error></testcase><testcase classname="backend.tests.test_double_connection_guard.TestManuscriptSetup" name="test_manuscript_sections_have_paragraph_lines" time="0.000"><error message="failed on setup with &quot;AssertionError: Expected at least 2 sections, got 1&#10;assert 1 &gt;= 2&#10; +  where 1 = &lt;built-in method get of dict object at 0xf97b10042900&gt;('total_sections', 0)&#10; +    where &lt;built-in method get of dict object at 0xf97b10042900&gt; = {'age_range': 'Adult', 'comparable_books': ['The Girl on the Train by Paula Hawkins', 'Big Little Lies by Liane Moriarty', 'The Cabin at the End of the World by Paul Tremblay'], 'created_at': '2026-03-01T02:41:39.991831+00:00', 'genre': 'psychological thriller', ...}.get&quot;">backend/tests/test_double_connection_guard.py:59: in fresh_manuscript
    assert data.get("total_sections", 0) &gt;= 2, \
E   AssertionError: Expected at least 2 sections, got 1
E   assert 1 &gt;= 2
E    +  where 1 = &lt;built-in method get of dict object at 0xf97b10042900&gt;('total_sections', 0)
E    +    where &lt;built-in method get of dict object at 0xf97b10042900&gt; = {'age_range': 'Adult', 'comparable_books': ['The Girl on the Train by Paula Hawkins', 'Big Little Lies by Liane Moriarty', 'The Cabin at the End of the World by Paul Tremblay'], 'created_at': '2026-03-01T02:41:39.991831+00:00', 'genre': 'psychological thriller', ...}.get</error></testcase><testcase classname="backend.tests.test_double_connection_guard.TestManuscriptSetup" name="test_personas_generated_5_readers" time="0.000"><error message="failed on setup with &quot;AssertionError: Expected at least 2 sections, got 1&#10;assert 1 &gt;= 2&#10; +  where 1 = &lt;built-in method get of dict object at 0xf97b10042900&gt;('total_sections', 0)&#10; +    where &lt;built-in method get of dict object at 0xf97b10042900&gt; = {'age_range': 'Adult', 'comparable_books': ['The Girl on the Train by Paula Hawkins', 'Big Little Lies by Liane Moriarty', 'The Cabin at the End of the World by Paul Tremblay'], 'created_at': '2026-03-01T02:41:39.991831+00:00', 'genre': 'psychological thriller', ...}.get&quot;">backend/tests/test_double_connection_guard.py:59: in fresh_manuscript
    assert data.get("total_sections", 0) &gt;= 2, \
E   AssertionError: Expected at least 2 sections, got 1
E   assert 1 &gt;= 2
E    +  where 1 = &lt;built-in method get of dict object at 0xf97b10042900&gt;('total_sections', 0)
E    +    where &lt;built-in method get of dict object at 0xf97b10042900&gt; = {'age_range': 'Adult', 'comparable_books': ['The Girl on the Train by Paula Hawkins', 'Big Little Lies by Liane Moriarty', 'The Cabin at the End of the World by Paul Tremblay'], 'created_at': '2026-03-01T02:41:39.991831+00:00', 'genre': 'psychological thriller', ...}.get</error></testcase><testcase classname="backend.tests.test_double_connection_guard.TestManuscriptSetup" name="test_personas_have_required_fields" time="0.000"><error message="failed on setup with &quot;AssertionError: Expected at least 2 sections, got 1&#10;assert 1 &gt;= 2&#10; +  where 1 = &lt;built-in method get of dict object at 0xf97b10042900&gt;('total_sections', 0)&#10; +    where &lt;built-in method get of dict object at 0xf97b10042900&gt; = {'age_range': 'Adult', 'comparable_books': ['The Girl on the Train by Paula Hawkins', 'Big Little Lies by Liane Moriarty', 'The Cabin at the End of the World by Paul Tremblay'], 'created_at': '2026-03-01T02:41:39.991831+00:00', 'genre': 'psychological thriller', ...}.get&quot;">backend/tests/test_double_connection_guard.py:59: in fresh_manuscript
    assert data.get("total_sections", 0) &gt;= 2, \
E   AssertionError: Expected at least 2 sections, got 1
E   assert 1 &gt;= 2
E    +  where 1 = &lt;built-in method get of dict object at 0xf97b10042900&gt;('total_sections', 0)
E    +    where &lt;built-in method get of dict object at 0xf97b10042900&gt; = {'age_range': 'Adult', 'comparable_books': ['The Girl on the Train by Paula Hawkins', 'Big Little Lies by Liane Moriarty', 'The Cabin at the End of the World by Paul Tremblay'], 'created_at': '2026-03-01T02:41:39.991831+00:00', 'genre': 'psychological thriller', ...}.get</error></testcase><testcase classname="backend.tests.test_double_connection_guard.TestSSEStreamNoDuplicates" name="test_sse_emits_start_event" time="0.000"><error message="failed on setup with &quot;AssertionError: Expected at least 2 sections, got 1&#10;assert 1 &gt;= 2&#10; +  where 1 = &lt;built-in method get of dict object at 0xf97b10042900&gt;('total_sections', 0)&#10; +    where &lt;built-in method get of dict object at 0xf97b10042900&gt; = {'age_range': 'Adult', 'comparable_books': ['The Girl on the Train by Paula Hawkins', 'Big Little Lies by Liane Moriarty', 'The Cabin at the End of the World by Paul Tremblay'], 'created_at': '2026-03-01T02:41:39.991831+00:00', 'genre': 'psychological thriller', ...}.get&quot;">backend/tests/test_double_connection_guard.py:59: in fresh_manuscript
    assert data.get("total_sections", 0) &gt;= 2, \
E   AssertionError: Expected at least 2 sections, got 1
E   assert 1 &gt;= 2
E    +  where 1 = &lt;built-in method get of dict object at 0xf97b10042900&gt;('total_sections', 0)
E    +    where &lt;built-in method get of dict object at 0xf97b10042900&gt; = {'age_range': 'Adult', 'comparable_books': ['The Girl on the Train by Paula Hawkins', 'Big Little Lies by Liane Moriarty', 'The Cabin at the End of the World by Paul Tremblay'], 'created_at': '2026-03-01T02:41:39.991831+00:00', 'genre': 'psychological thriller', ...}.get</error></testcase><testcase classname="backend.tests.test_double_connection_guard.TestSSEStreamNoDuplicates" name="test_sse_full_stream_completes" time="0.000"><error message="failed on setup with &quot;AssertionError: Expected at least 2 sections, got 1&#10;assert 1 &gt;= 2&#10; +  where 1 = &lt;built-in method get of dict object at 0xf97b10042900&gt;('total_sections', 0)&#10; +    where &lt;built-in method get of dict object at 0xf97b10042900&gt; = {'age_range': 'Adult', 'comparable_books': ['The Girl on the Train by Paula Hawkins', 'Big Little Lies by Liane Moriarty', 'The Cabin at the End of the World by Paul Tremblay'], 'created_at': '2026-03-01T02:41:39.991831+00:00', 'genre': 'psychological thriller', ...}.get&quot;">backend/tests/test_double_connection_guard.py:59: in fresh_manuscript
    assert data.get("total_sections", 0) &gt;= 2, \
E   AssertionError: Expected at least 2 sections, got 1
E   assert 1 &gt;= 2
E    +  where 1 = &lt;built-in method get of dict object at 0xf97b10042900&gt;('total_sections', 0)
E    +    where &lt;built-in method get of dict object at 0xf97b10042900&gt; = {'age_range': 'Adult', 'comparable_books': ['The Girl on the Train by Paula Hawkins', 'Big Little Lies by Liane Moriarty', 'The Cabin at the End of the World by Paul Tremblay'], 'created_at': '2026-03-01T02:41:39.991831+00:00', 'genre': 'psychological thriller', ...}.get</error></testcase><testcase classname="backend.tests.test_double_connection_guard.TestSSEStreamNoDuplicates" name="test_no_duplicate_reader_pipelines_in_reactions" time="0.000"><error message="failed on setup with &quot;AssertionError: Expected at least 2 sections, got 1&#10;assert 1 &gt;= 2&#10; +  where 1 = &lt;built-in method get of dict object at 0xf97b10042900&gt;('total_sections', 0)&#10; +    where &lt;built-in method get of dict object at 0xf97b10042900&gt; = {'age_range': 'Adult', 'comparable_books': ['The Girl on the Train by Paula Hawkins', 'Big Little Lies by Liane Moriarty', 'The Cabin at the End of the World by Paul Tremblay'], 'created_at': '2026-03-01T02:41:39.991831+00:00', 'genre': 'psychological thriller', ...}.get&quot;">backend/tests/test_double_connection_guard.py:59: in fresh_manuscript
    assert data.get("total_sections", 0) &gt;= 2, \
E   AssertionError: Expected at least 2 sections, got 1
E   assert 1 &gt;= 2
E    +  where 1 = &lt;built-in method get of dict object at 0xf97b10042900&gt;('total_sections', 0)
E    +    where &lt;built-in method get of dict object at 0xf97b10042900&gt; = {'age_range': 'Adult', 'comparable_books': ['The Girl on the Train by Paula Hawkins', 'Big Little Lies by Liane Moriarty', 'The Cabin at the End of the World by Paul Tremblay'], 'created_at': '2026-03-01T02:41:39.991831+00:00', 'genre': 'psychological thriller', ...}.get</error></testcase><testcase classname="backend.tests.test_double_connection_guard.TestSSEStreamNoDuplicates" name="test_section_1_and_section_2_both_have_reactions" time="0.000"><error message="failed on setup with &quot;AssertionError: Expected at least 2 sections, got 1&#10;assert 1 &gt;= 2&#10; +  where 1 = &lt;built-in method get of dict object at 0xf97b10042900&gt;('total_sections', 0)&#10; +    where &lt;built-in method get of dict object at 0xf97b10042900&gt; = {'age_range': 'Adult', 'comparable_books': ['The Girl on the Train by Paula Hawkins', 'Big Little Lies by Liane Moriarty', 'The Cabin at the End of the World by Paul Tremblay'], 'created_at': '2026-03-01T02:41:39.991831+00:00', 'genre': 'psychological thriller', ...}.get&quot;">backend/tests/test_double_connection_guard.py:59: in fresh_manuscript
    assert data.get("total_sections", 0) &gt;= 2, \
E   AssertionError: Expected at least 2 sections, got 1
E   assert 1 &gt;= 2
E    +  where 1 = &lt;built-in method get of dict object at 0xf97b10042900&gt;('total_sections', 0)
E    +    where &lt;built-in method get of dict object at 0xf97b10042900&gt; = {'age_range': 'Adult', 'comparable_books': ['The Girl on the Train by Paula Hawkins', 'Big Little Lies by Liane Moriarty', 'The Cabin at the End of the World by Paul Tremblay'], 'created_at': '2026-03-01T02:41:39.991831+00:00', 'genre': 'psychological thriller', ...}.get</error></testcase><testcase classname="backend.tests.test_double_connection_guard.TestDuplicateConnectionGuard" name="test_second_connection_uses_saved_reactions" time="0.000"><error message="failed on setup with &quot;AssertionError: Expected at least 2 sections, got 1&#10;assert 1 &gt;= 2&#10; +  where 1 = &lt;built-in method get of dict object at 0xf97b10042900&gt;('total_sections', 0)&#10; +    where &lt;built-in method get of dict object at 0xf97b10042900&gt; = {'age_range': 'Adult', 'comparable_books': ['The Girl on the Train by Paula Hawkins', 'Big Little Lies by Liane Moriarty', 'The Cabin at the End of the World by Paul Tremblay'], 'created_at': '2026-03-01T02:41:39.991831+00:00', 'genre': 'psychological thriller', ...}.get&quot;">backend/tests/test_double_connection_guard.py:59: in fresh_manuscript
    assert data.get("total_sections", 0) &gt;= 2, \
E   AssertionError: Expected at least 2 sections, got 1
E   assert 1 &gt;= 2
E    +  where 1 = &lt;built-in method get of dict object at 0xf97b10042900&gt;('total_sections', 0)
E    +    where &lt;built-in method get of dict object at 0xf97b10042900&gt; = {'age_range': 'Adult', 'comparable_books': ['The Girl on the Train by Paula Hawkins', 'Big Little Lies by Liane Moriarty', 'The Cabin at the End of the World by Paul Tremblay'], 'created_at': '2026-03-01T02:41:39.991831+00:00', 'genre': 'psychological thriller', ...}.get</error></testcase><testcase classname="backend.tests.test_double_connection_guard.TestBackendLoggingPattern" name="test_new_logging_start_done_pattern" time="0.006" /><testcase classname="backend.tests.test_double_connection_guard.TestBackendLoggingPattern" name="test_starting_reader_pipeline_log" time="0.003" /><testcase classname="backend.tests.test_double_connection_guard.TestBackendLoggingPattern" name="test_no_excessive_starting_pipeline_for_single_section" time="0.000"><error message="failed on setup with &quot;AssertionError: Expected at least 2 sections, got 1&#10;assert 1 &gt;= 2&#10; +  where 1 = &lt;built-in method get of dict object at 0xf97b10042900&gt;('total_sections', 0)&#10; +    where &lt;built-in method get of dict object at 0xf97b10042900&gt; = {'age_range': 'Adult', 'comparable_books': ['The Girl on the Train by Paula Hawkins', 'Big Little Lies by Liane Moriarty', 'The Cabin at the End of the World by Paul Tremblay'], 'created_at': '2026-03-01T02:41:39.991831+00:00', 'genre': 'psychological thriller', ...}.get&quot;">backend/tests/test_double_connection_guard.py:59: in fresh_manuscript
    assert data.get("total_sections", 0) &gt;= 2, \
E   AssertionError: Expected at least 2 sections, got 1
E   assert 1 &gt;= 2
E    +  where 1 = &lt;built-in method get of dict object at 0xf97b10042900&gt;('total_sections', 0)
E    +    where &lt;built-in method get of dict object at 0xf97b10042900&gt; = {'age_range': 'Adult', 'comparable_books': ['The Girl on the Train by Paula Hawkins', 'Big Little Lies by Liane Moriarty', 'The Cabin at the End of the World by Paul Tremblay'], 'created_at': '2026-03-01T02:41:39.991831+00:00', 'genre': 'psychological thriller', ...}.get</error></testcase><testcase classname="backend.tests.test_double_connection_guard.TestReadingStatusAfterCompletion" name="test_reading_status_complete_after_stream" time="0.000"><error message="failed on setup with &quot;AssertionError: Expected at least 2 sections, got 1&#10;assert 1 &gt;= 2&#10; +  where 1 = &lt;built-in method get of dict object at 0xf97b10042900&gt;('total_sections', 0)&#10; +    where &lt;built-in method get of dict object at 0xf97b10042900&gt; = {'age_range': 'Adult', 'comparable_books': ['The Girl on the Train by Paula Hawkins', 'Big Little Lies by Liane Moriarty', 'The Cabin at the End of the World by Paul Tremblay'], 'created_at': '2026-03-01T02:41:39.991831+00:00', 'genre': 'psychological thriller', ...}.get&quot;">backend/tests/test_double_connection_guard.py:59: in fresh_manuscript
    assert data.get("total_sections", 0) &gt;= 2, \
E   AssertionError: Expected at least 2 sections, got 1
E   assert 1 &gt;= 2
E    +  where 1 = &lt;built-in method get of dict object at 0xf97b10042900&gt;('total_sections', 0)
E    +    where &lt;built-in method get of dict object at 0xf97b10042900&gt; = {'age_range': 'Adult', 'comparable_books': ['The Girl on the Train by Paula Hawkins', 'Big Little Lies by Liane Moriarty', 'The Cabin at the End of the World by Paul Tremblay'], 'created_at': '2026-03-01T02:41:39.991831+00:00', 'genre': 'psychological thriller', ...}.get</error></testcase></testsuite></testsuites>