<?xml version="1.0" encoding="utf-8"?><testsuites name="pytest tests"><testsuite name="pytest" errors="0" failures="1" skipped="0" tests="34" time="85.724" timestamp="2026-03-01T04:18:51.869288+00:00" hostname="agent-env-f28dc2ea-cd80-49a4-85e6-d4a3f43dc9c3"><testcase classname="tests.test_iteration6.TestHealthCheck" name="test_root_returns_200" time="0.357" /><testcase classname="tests.test_iteration6.TestHealthCheck" name="test_root_returns_correct_message" time="0.125" /><testcase classname="tests.test_iteration6.TestAuthProtection" name="test_list_manuscripts_without_token_returns_401" time="0.105" /><testcase classname="tests.test_iteration6.TestAuthProtection" name="test_list_manuscripts_with_invalid_token_returns_401" time="0.143" /><testcase classname="tests.test_iteration6.TestAuthProtection" name="test_auth_me_without_token_returns_401" time="0.111" /><testcase classname="tests.test_iteration6.TestModelConfig" name="test_config_models_returns_200" time="0.130" /><testcase classname="tests.test_iteration6.TestModelConfig" name="test_config_models_has_available_list" time="0.127" /><testcase classname="tests.test_iteration6.TestModelConfig" name="test_config_models_has_current_fields" time="0.143" /><testcase classname="tests.test_iteration6.TestModelConfig" name="test_each_model_has_required_fields" time="0.153" /><testcase classname="tests.test_iteration6.TestTxtUpload" name="test_txt_upload_returns_200" time="2.081" /><testcase classname="tests.test_iteration6.TestTxtUpload" name="test_txt_upload_returns_manuscript_data" time="1.888" /><testcase classname="tests.test_iteration6.TestTxtUpload" name="test_txt_upload_invalid_extension_returns_400" time="0.119" /><testcase classname="tests.test_iteration6.TestTxtUpload" name="test_txt_upload_empty_file_returns_400" time="0.121" /><testcase classname="tests.test_iteration6.TestDocxUpload" name="test_docx_upload_returns_200" time="2.063" /><testcase classname="tests.test_iteration6.TestDocxUpload" name="test_docx_upload_extracts_text_correctly" time="2.129" /><testcase classname="tests.test_iteration6.TestDocxUpload" name="test_docx_upload_has_genre" time="2.469" /><testcase classname="tests.test_iteration6.TestDocxUpload" name="test_docx_upload_correct_title" time="2.056" /><testcase classname="tests.test_iteration6.TestManuscriptPaste" name="test_json_create_returns_200" time="1.711" /><testcase classname="tests.test_iteration6.TestManuscriptPaste" name="test_json_create_has_sections" time="2.736" /><testcase classname="tests.test_iteration6.TestManuscriptPaste" name="test_json_create_empty_text_returns_400" time="0.124" /><testcase classname="tests.test_iteration6.TestManuscriptPaste" name="test_json_create_has_genre" time="1.976" /><testcase classname="tests.test_iteration6.TestManuscriptPaste" name="test_json_create_has_all_metadata_fields" time="0.000" /><testcase classname="tests.test_iteration6.TestPersonaGeneration" name="test_personas_returns_5" time="25.064" /><testcase classname="tests.test_iteration6.TestPersonaGeneration" name="test_personas_have_required_fields" time="0.198" /><testcase classname="tests.test_iteration6.TestPersonaGeneration" name="test_personas_liked_tropes_is_list" time="0.131" /><testcase classname="tests.test_iteration6.TestPersonaGeneration" name="test_personas_have_unique_avatar_indices" time="0.097" /><testcase classname="tests.test_iteration6.TestPersonaGeneration" name="test_personas_have_5_personality_types" time="0.103" /><testcase classname="tests.test_iteration6.TestSSEStream" name="test_sse_returns_200_and_event_stream" time="0.231" /><testcase classname="tests.test_iteration6.TestSSEStream" name="test_sse_emits_start_event_with_totals" time="30.078"><failure message="requests.exceptions.ReadTimeout: HTTPSConnectionPool(host='ai-roundtable-test.preview.emergentagent.com', port=443): Read timed out. (read timeout=30)">/root/.venv/lib/python3.11/site-packages/urllib3/connectionpool.py:534: in _make_request
    response = conn.getresponse()
               ^^^^^^^^^^^^^^^^^^
/root/.venv/lib/python3.11/site-packages/urllib3/connection.py:571: in getresponse
    httplib_response = super().getresponse()
                       ^^^^^^^^^^^^^^^^^^^^^
/usr/local/lib/python3.11/http/client.py:1395: in getresponse
    response.begin()
/usr/local/lib/python3.11/http/client.py:325: in begin
    version, status, reason = self._read_status()
                              ^^^^^^^^^^^^^^^^^^^
/usr/local/lib/python3.11/http/client.py:286: in _read_status
    line = str(self.fp.readline(_MAXLINE + 1), "iso-8859-1")
               ^^^^^^^^^^^^^^^^^^^^^^^^^^^^^^
/usr/local/lib/python3.11/socket.py:718: in readinto
    return self._sock.recv_into(b)
           ^^^^^^^^^^^^^^^^^^^^^^^
/usr/local/lib/python3.11/ssl.py:1314: in recv_into
    return self.read(nbytes, buffer)
           ^^^^^^^^^^^^^^^^^^^^^^^^^
/usr/local/lib/python3.11/ssl.py:1166: in read
    return self._sslobj.read(len, buffer)
           ^^^^^^^^^^^^^^^^^^^^^^^^^^^^^^
E   TimeoutError: The read operation timed out

The above exception was the direct cause of the following exception:
/root/.venv/lib/python3.11/site-packages/requests/adapters.py:644: in send
    resp = conn.urlopen(
/root/.venv/lib/python3.11/site-packages/urllib3/connectionpool.py:841: in urlopen
    retries = retries.increment(
/root/.venv/lib/python3.11/site-packages/urllib3/util/retry.py:490: in increment
    raise reraise(type(error), error, _stacktrace)
          ^^^^^^^^^^^^^^^^^^^^^^^^^^^^^^^^^^^^^^^^
/root/.venv/lib/python3.11/site-packages/urllib3/util/util.py:39: in reraise
    raise value
/root/.venv/lib/python3.11/site-packages/urllib3/connectionpool.py:787: in urlopen
    response = self._make_request(
/root/.venv/lib/python3.11/site-packages/urllib3/connectionpool.py:536: in _make_request
    self._raise_timeout(err=e, url=url, timeout_value=read_timeout)
/root/.venv/lib/python3.11/site-packages/urllib3/connectionpool.py:367: in _raise_timeout
    raise ReadTimeoutError(
E   urllib3.exceptions.ReadTimeoutError: HTTPSConnectionPool(host='ai-roundtable-test.preview.emergentagent.com', port=443): Read timed out. (read timeout=30)

During handling of the above exception, another exception occurred:
tests/test_iteration6.py:398: in test_sse_emits_start_event_with_totals
    resp = requests.get(
/root/.venv/lib/python3.11/site-packages/requests/api.py:73: in get
    return request("get", url, params=params, **kwargs)
           ^^^^^^^^^^^^^^^^^^^^^^^^^^^^^^^^^^^^^^^^^^^^
/root/.venv/lib/python3.11/site-packages/requests/api.py:59: in request
    return session.request(method=method, url=url, **kwargs)
           ^^^^^^^^^^^^^^^^^^^^^^^^^^^^^^^^^^^^^^^^^^^^^^^^^
/root/.venv/lib/python3.11/site-packages/requests/sessions.py:589: in request
    resp = self.send(prep, **send_kwargs)
           ^^^^^^^^^^^^^^^^^^^^^^^^^^^^^^
/root/.venv/lib/python3.11/site-packages/requests/sessions.py:703: in send
    r = adapter.send(request, **kwargs)
        ^^^^^^^^^^^^^^^^^^^^^^^^^^^^^^^
/root/.venv/lib/python3.11/site-packages/requests/adapters.py:690: in send
    raise ReadTimeout(e, request=request)
E   requests.exceptions.ReadTimeout: HTTPSConnectionPool(host='ai-roundtable-test.preview.emergentagent.com', port=443): Read timed out. (read timeout=30)</failure></testcase><testcase classname="tests.test_iteration6.TestSSEStream" name="test_sse_emits_reader_thinking_events" time="6.190" /><testcase classname="tests.test_iteration6.TestSSEStream" name="test_sse_404_for_missing_manuscript" time="0.128" /><testcase classname="tests.test_iteration6.TestSSEStream" name="test_sse_404_without_personas" time="2.132" /><testcase classname="tests.test_iteration6.TestReadingStatus" name="test_reading_status_returns_200" time="0.125" /><testcase classname="tests.test_iteration6.TestReadingStatus" name="test_all_reactions_returns_list" time="0.118" /></testsuite></testsuites>