<?xml version="1.0" encoding="utf-8"?><testsuites name="pytest tests"><testsuite name="pytest" errors="0" failures="1" skipped="0" tests="20" time="67.454" timestamp="2026-03-01T01:27:29.857527+00:00" hostname="agent-env-a5a4fdd7-a82c-4f32-9136-87e875a4f972"><testcase classname="backend.tests.test_roundtable.TestHealthCheck" name="test_root_returns_200" time="0.165" /><testcase classname="backend.tests.test_roundtable.TestHealthCheck" name="test_root_response_has_message" time="0.151" /><testcase classname="backend.tests.test_roundtable.TestManuscriptCreation" name="test_create_manuscript_returns_200" time="1.651"><failure message="AssertionError: Expected 200, got 500: Internal Server Error&#10;assert 500 == 200&#10; +  where 500 = &lt;Response [500]&gt;.status_code">backend/tests/test_roundtable.py:67: in test_create_manuscript_returns_200
    assert resp.status_code == 200, f"Expected 200, got {resp.status_code}: {resp.text}"
E   AssertionError: Expected 200, got 500: Internal Server Error
E   assert 500 == 200
E    +  where 500 = &lt;Response [500]&gt;.status_code</failure></testcase><testcase classname="backend.tests.test_roundtable.TestManuscriptCreation" name="test_create_manuscript_has_id" time="3.204" /><testcase classname="backend.tests.test_roundtable.TestManuscriptCreation" name="test_create_manuscript_has_sections" time="3.458" /><testcase classname="backend.tests.test_roundtable.TestManuscriptCreation" name="test_create_manuscript_sections_have_paragraph_lines" time="2.065" /><testcase classname="backend.tests.test_roundtable.TestManuscriptCreation" name="test_create_manuscript_has_total_sections" time="1.854" /><testcase classname="backend.tests.test_roundtable.TestManuscriptCreation" name="test_create_manuscript_has_genre" time="2.259" /><testcase classname="backend.tests.test_roundtable.TestManuscriptCreation" name="test_get_manuscript_by_id" time="1.950" /><testcase classname="backend.tests.test_roundtable.TestManuscriptCreation" name="test_get_nonexistent_manuscript_returns_404" time="0.114" /><testcase classname="backend.tests.test_roundtable.TestPersonaGeneration" name="test_personas_endpoint_returns_200" time="26.215" /><testcase classname="backend.tests.test_roundtable.TestPersonaGeneration" name="test_personas_returns_5_personas" time="0.298" /><testcase classname="backend.tests.test_roundtable.TestPersonaGeneration" name="test_each_persona_has_required_fields" time="0.114" /><testcase classname="backend.tests.test_roundtable.TestPersonaGeneration" name="test_personas_have_unique_names" time="0.102" /><testcase classname="backend.tests.test_roundtable.TestPersonaGeneration" name="test_personas_not_found_for_nonexistent_manuscript" time="0.115" /><testcase classname="backend.tests.test_roundtable.TestSSEReadAll" name="test_sse_endpoint_exists_and_responds" time="1.227" /><testcase classname="backend.tests.test_roundtable.TestSSEReadAll" name="test_sse_emits_start_event" time="22.044" /><testcase classname="backend.tests.test_roundtable.TestSSEReadAll" name="test_sse_no_404_for_missing_manuscript" time="0.128" /><testcase classname="backend.tests.test_roundtable.TestReadingStatus" name="test_reading_status_returns_200" time="0.101" /><testcase classname="backend.tests.test_roundtable.TestReadingStatus" name="test_all_reactions_endpoint" time="0.142" /></testsuite></testsuites>