<?xml version="1.0" encoding="utf-8"?><testsuites name="pytest tests"><testsuite name="pytest" errors="0" failures="1" skipped="0" tests="11" time="14.494" timestamp="2026-03-01T01:26:54.178767+00:00" hostname="agent-env-a5a4fdd7-a82c-4f32-9136-87e875a4f972"><testcase classname="backend.tests.test_roundtable.TestHealthCheck" name="test_root_returns_200" time="0.241" /><testcase classname="backend.tests.test_roundtable.TestHealthCheck" name="test_root_response_has_message" time="0.151" /><testcase classname="backend.tests.test_roundtable.TestManuscriptCreation" name="test_create_manuscript_returns_200" time="2.775" /><testcase classname="backend.tests.test_roundtable.TestManuscriptCreation" name="test_create_manuscript_has_id" time="1.942" /><testcase classname="backend.tests.test_roundtable.TestManuscriptCreation" name="test_create_manuscript_has_sections" time="2.061" /><testcase classname="backend.tests.test_roundtable.TestManuscriptCreation" name="test_create_manuscript_sections_have_paragraph_lines" time="1.758" /><testcase classname="backend.tests.test_roundtable.TestManuscriptCreation" name="test_create_manuscript_has_total_sections" time="1.806" /><testcase classname="backend.tests.test_roundtable.TestManuscriptCreation" name="test_create_manuscript_has_genre" time="1.449" /><testcase classname="backend.tests.test_roundtable.TestManuscriptCreation" name="test_get_manuscript_by_id" time="1.877" /><testcase classname="backend.tests.test_roundtable.TestManuscriptCreation" name="test_get_nonexistent_manuscript_returns_404" time="0.112" /><testcase classname="backend.tests.test_roundtable.TestPersonaGeneration" name="test_personas_endpoint_returns_200" time="0.131"><failure message="AssertionError: Generate personas failed: 404 {&quot;detail&quot;:&quot;Not Found&quot;}&#10;assert 404 == 200&#10; +  where 404 = &lt;Response [404]&gt;.status_code">backend/tests/test_roundtable.py:155: in test_personas_endpoint_returns_200
    assert resp.status_code == 200, f"Generate personas failed: {resp.status_code} {resp.text}"
E   AssertionError: Generate personas failed: 404 {"detail":"Not Found"}
E   assert 404 == 200
E    +  where 404 = &lt;Response [404]&gt;.status_code</failure></testcase></testsuite></testsuites>