<?xml version="1.0" encoding="utf-8"?><testsuites name="pytest tests"><testsuite name="pytest" errors="0" failures="0" skipped="0" tests="22" time="62.836" timestamp="2026-03-01T03:45:52.141650+00:00" hostname="agent-env-a5a4fdd7-a82c-4f32-9136-87e875a4f972"><testcase classname="backend.tests.test_roundtable.TestHealthCheck" name="test_root_returns_200" time="0.200" /><testcase classname="backend.tests.test_roundtable.TestHealthCheck" name="test_root_response_has_message" time="0.161" /><testcase classname="backend.tests.test_roundtable.TestManuscriptCreation" name="test_create_manuscript_returns_200" time="2.305" /><testcase classname="backend.tests.test_roundtable.TestManuscriptCreation" name="test_create_manuscript_has_id" time="1.586" /><testcase classname="backend.tests.test_roundtable.TestManuscriptCreation" name="test_create_manuscript_has_sections" time="2.094" /><testcase classname="backend.tests.test_roundtable.TestManuscriptCreation" name="test_create_manuscript_sections_have_paragraph_lines" time="2.297" /><testcase classname="backend.tests.test_roundtable.TestManuscriptCreation" name="test_create_manuscript_has_total_sections" time="1.659" /><testcase classname="backend.tests.test_roundtable.TestManuscriptCreation" name="test_create_manuscript_has_genre" time="2.021" /><testcase classname="backend.tests.test_roundtable.TestManuscriptCreation" name="test_get_manuscript_by_id" time="2.070" /><testcase classname="backend.tests.test_roundtable.TestManuscriptCreation" name="test_get_nonexistent_manuscript_returns_404" time="0.107" /><testcase classname="backend.tests.test_roundtable.TestPersonaGeneration" name="test_personas_endpoint_returns_200" time="23.135" /><testcase classname="backend.tests.test_roundtable.TestPersonaGeneration" name="test_personas_returns_5_personas" time="0.217" /><testcase classname="backend.tests.test_roundtable.TestPersonaGeneration" name="test_each_persona_has_required_fields" time="0.154" /><testcase classname="backend.tests.test_roundtable.TestPersonaGeneration" name="test_personas_have_unique_names" time="0.180" /><testcase classname="backend.tests.test_roundtable.TestPersonaGeneration" name="test_personas_not_found_for_nonexistent_manuscript" time="0.135" /><testcase classname="backend.tests.test_roundtable.TestSSEReadAll" name="test_sse_endpoint_exists_and_responds" time="1.241" /><testcase classname="backend.tests.test_roundtable.TestSSEReadAll" name="test_sse_emits_start_event" time="22.479" /><testcase classname="backend.tests.test_roundtable.TestSSEReadAll" name="test_sse_no_404_for_missing_manuscript" time="0.137" /><testcase classname="backend.tests.test_roundtable.TestSSEReadAll" name="test_sse_stream_completes_with_short_manuscript" time="0.202" /><testcase classname="backend.tests.test_roundtable.TestSSEReadAll" name="test_sse_reader_thinking_events_present" time="0.104" /><testcase classname="backend.tests.test_roundtable.TestReadingStatus" name="test_reading_status_returns_200" time="0.127" /><testcase classname="backend.tests.test_roundtable.TestReadingStatus" name="test_all_reactions_endpoint" time="0.129" /></testsuite></testsuites>